<?xml version="1.0" encoding="UTF-8"?>
<robot generator="Robot 7.4.2 (Python 3.10.20 on linux)" generated="2026-03-26T13:55:45.326409" rpa="false" schemaversion="5">
<suite id="s1" name="Features" source="/home/runner/work/RobotFrameworkExample/RobotFrameworkExample/test/features">
<suite id="s1-s1" name="elementosBasicos" source="/home/runner/work/RobotFrameworkExample/RobotFrameworkExample/test/features/elementosBasicos.robot">
<test id="s1-s1-t1" name="CT-00 - Validação visualizar página inicial" line="7">
<kw name="Abrir Sessao" owner="globalKeywords" type="SETUP">
<kw name="Evaluate" owner="BuiltIn">
<msg time="2026-03-26T13:55:45.783983" level="INFO">${options} = &lt;selenium.webdriver.chrome.options.Options object at 0x7f032779cdc0&gt;</msg>
<var>${options}</var>
<arg>sys.modules['selenium.webdriver'].ChromeOptions()</arg>
<arg>sys, selenium.webdriver</arg>
<doc>Evaluates the given expression in Python and returns the result.</doc>
<status status="PASS" start="2026-03-26T13:55:45.782656" elapsed="0.001374"/>
</kw>
<kw name="Call Method" owner="BuiltIn">
<arg>${options}</arg>
<arg>add_argument</arg>
<arg>--no-sandbox</arg>
<doc>Calls the named method of the given object with the provided arguments.</doc>
<status status="PASS" start="2026-03-26T13:55:45.784227" elapsed="0.000357"/>
</kw>
<kw name="Call Method" owner="BuiltIn">
<arg>${options}</arg>
<arg>add_argument</arg>
<arg>--disable-dev-shm-usage</arg>
<doc>Calls the named method of the given object with the provided arguments.</doc>
<status status="PASS" start="2026-03-26T13:55:45.784736" elapsed="0.000314"/>
</kw>
<kw name="Call Method" owner="BuiltIn">
<arg>${options}</arg>
<arg>add_argument</arg>
<arg>--disable-gpu</arg>
<doc>Calls the named method of the given object with the provided arguments.</doc>
<status status="PASS" start="2026-03-26T13:55:45.785195" elapsed="0.000296"/>
</kw>
<kw name="Call Method" owner="BuiltIn">
<msg time="2026-03-26T13:55:45.786021" level="FAIL">Calling method 'add_argument' failed: TypeError: ArgOptions.add_argument() got an unexpected keyword argument '--window-size'</msg>
<arg>${options}</arg>
<arg>add_argument</arg>
<arg>--window-size=1920,1080</arg>
<doc>Calls the named method of the given object with the provided arguments.</doc>
<status status="FAIL" start="2026-03-26T13:55:45.785655" elapsed="0.000479">Calling method 'add_argument' failed: TypeError: ArgOptions.add_argument() got an unexpected keyword argument '--window-size'</status>
</kw>
<kw name="Open Browser" owner="SeleniumLibrary">
<arg>${URL}</arg>
<arg>${BROWSER}</arg>
<arg>options=${options}</arg>
<doc>Opens a new browser instance to the optional ``url``.</doc>
<status status="NOT RUN" start="2026-03-26T13:55:45.786320" elapsed="0.000036"/>
</kw>
<doc>Abre o navegador na URL com opções otimizadas para CI/CD.</doc>
<status status="FAIL" start="2026-03-26T13:55:45.780257" elapsed="0.006240">Calling method 'add_argument' failed: TypeError: ArgOptions.add_argument() got an unexpected keyword argument '--window-size'</status>
</kw>
<kw name="Fechar Sessao" owner="globalKeywords" type="TEARDOWN">
<kw name="Capture Page Screenshot" owner="SeleniumLibrary">
<msg time="2026-03-26T13:55:45.787269" level="INFO">Cannot capture screenshot because no browser is open.</msg>
<doc>Takes a screenshot of the current page and embeds it into a log file.</doc>
<status status="PASS" start="2026-03-26T13:55:45.787137" elapsed="0.000191"/>
</kw>
<kw name="Close Browser" owner="SeleniumLibrary">
<doc>Closes the current browser.</doc>
<status status="PASS" start="2026-03-26T13:55:45.787462" elapsed="0.000134"/>
</kw>
<doc>Tira uma evidência e fecha o navegador ao final do teste.</doc>
<status status="PASS" start="2026-03-26T13:55:45.786826" elapsed="0.000847"/>
</kw>
<tag>CT-00</tag>
<tag>guilherme.evangelista</tag>
<tag>qa.front</tag>
<status status="FAIL" start="2026-03-26T13:55:45.779045" elapsed="0.008685">Setup failed:
Calling method 'add_argument' failed: TypeError: ArgOptions.add_argument() got an unexpected keyword argument '--window-size'</status>
</test>
<test id="s1-s1-t2" name="CT-01 - Interação com o botão Clique aqui" line="11">
<kw name="Abrir Sessao" owner="globalKeywords" type="SETUP">
<kw name="Evaluate" owner="BuiltIn">
<msg time="2026-03-26T13:55:45.789488" level="INFO">${options} = &lt;selenium.webdriver.chrome.options.Options object at 0x7f032779ec20&gt;</msg>
<var>${options}</var>
<arg>sys.modules['selenium.webdriver'].ChromeOptions()</arg>
<arg>sys, selenium.webdriver</arg>
<doc>Evaluates the given expression in Python and returns the result.</doc>
<status status="PASS" start="2026-03-26T13:55:45.789096" elapsed="0.000429"/>
</kw>
<kw name="Call Method" owner="BuiltIn">
<arg>${options}</arg>
<arg>add_argument</arg>
<arg>--no-sandbox</arg>
<doc>Calls the named method of the given object with the provided arguments.</doc>
<status status="PASS" start="2026-03-26T13:55:45.789700" elapsed="0.000313"/>
</kw>
<kw name="Call Method" owner="BuiltIn">
<arg>${options}</arg>
<arg>add_argument</arg>
<arg>--disable-dev-shm-usage</arg>
<doc>Calls the named method of the given object with the provided arguments.</doc>
<status status="PASS" start="2026-03-26T13:55:45.790151" elapsed="0.000289"/>
</kw>
<kw name="Call Method" owner="BuiltIn">
<arg>${options}</arg>
<arg>add_argument</arg>
<arg>--disable-gpu</arg>
<doc>Calls the named method of the given object with the provided arguments.</doc>
<status status="PASS" start="2026-03-26T13:55:45.790601" elapsed="0.000284"/>
</kw>
<kw name="Call Method" owner="BuiltIn">
<msg time="2026-03-26T13:55:45.791346" level="FAIL">Calling method 'add_argument' failed: TypeError: ArgOptions.add_argument() got an unexpected keyword argument '--window-size'</msg>
<arg>${options}</arg>
<arg>add_argument</arg>
<arg>--window-size=1920,1080</arg>
<doc>Calls the named method of the given object with the provided arguments.</doc>
<status status="FAIL" start="2026-03-26T13:55:45.791025" elapsed="0.000406">Calling method 'add_argument' failed: TypeError: ArgOptions.add_argument() got an unexpected keyword argument '--window-size'</status>
</kw>
<kw name="Open Browser" owner="SeleniumLibrary">
<arg>${URL}</arg>
<arg>${BROWSER}</arg>
<arg>options=${options}</arg>
<doc>Opens a new browser instance to the optional ``url``.</doc>
<status status="NOT RUN" start="2026-03-26T13:55:45.791617" elapsed="0.000035"/>
</kw>
<doc>Abre o navegador na URL com opções otimizadas para CI/CD.</doc>
<status status="FAIL" start="2026-03-26T13:55:45.788819" elapsed="0.002939">Calling method 'add_argument' failed: TypeError: ArgOptions.add_argument() got an unexpected keyword argument '--window-size'</status>
</kw>
<kw name="Fechar Sessao" owner="globalKeywords" type="TEARDOWN">
<kw name="Capture Page Screenshot" owner="SeleniumLibrary">
<msg time="2026-03-26T13:55:45.792411" level="INFO">Cannot capture screenshot because no browser is open.</msg>
<doc>Takes a screenshot of the current page and embeds it into a log file.</doc>
<status status="PASS" start="2026-03-26T13:55:45.792300" elapsed="0.000168"/>
</kw>
<kw name="Close Browser" owner="SeleniumLibrary">
<doc>Closes the current browser.</doc>
<status status="PASS" start="2026-03-26T13:55:45.792613" elapsed="0.000112"/>
</kw>
<doc>Tira uma evidência e fecha o navegador ao final do teste.</doc>
<status status="PASS" start="2026-03-26T13:55:45.792013" elapsed="0.000781"/>
</kw>
<tag>CT-01</tag>
<tag>guilherme.evangelista</tag>
<tag>qa.front</tag>
<status status="FAIL" start="2026-03-26T13:55:45.788100" elapsed="0.004748">Setup failed:
Calling method 'add_argument' failed: TypeError: ArgOptions.add_argument() got an unexpected keyword argument '--window-size'</status>
</test>
<test id="s1-s1-t3" name="CT-02 - Interação com o botão Duplo Clique" line="17">
<kw name="Abrir Sessao" owner="globalKeywords" type="SETUP">
<kw name="Evaluate" owner="BuiltIn">
<msg time="2026-03-26T13:55:45.794393" level="INFO">${options} = &lt;selenium.webdriver.chrome.options.Options object at 0x7f03277e4af0&gt;</msg>
<var>${options}</var>
<arg>sys.modules['selenium.webdriver'].ChromeOptions()</arg>
<arg>sys, selenium.webdriver</arg>
<doc>Evaluates the given expression in Python and returns the result.</doc>
<status status="PASS" start="2026-03-26T13:55:45.793997" elapsed="0.000433"/>
</kw>
<kw name="Call Method" owner="BuiltIn">
<arg>${options}</arg>
<arg>add_argument</arg>
<arg>--no-sandbox</arg>
<doc>Calls the named method of the given object with the provided arguments.</doc>
<status status="PASS" start="2026-03-26T13:55:45.794650" elapsed="0.000311"/>
</kw>
<kw name="Call Method" owner="BuiltIn">
<arg>${options}</arg>
<arg>add_argument</arg>
<arg>--disable-dev-shm-usage</arg>
<doc>Calls the named method of the given object with the provided arguments.</doc>
<status status="PASS" start="2026-03-26T13:55:45.795103" elapsed="0.000288"/>
</kw>
<kw name="Call Method" owner="BuiltIn">
<arg>${options}</arg>
<arg>add_argument</arg>
<arg>--disable-gpu</arg>
<doc>Calls the named method of the given object with the provided arguments.</doc>
<status status="PASS" start="2026-03-26T13:55:45.795526" elapsed="0.000307"/>
</kw>
<kw name="Call Method" owner="BuiltIn">
<msg time="2026-03-26T13:55:45.796289" level="FAIL">Calling method 'add_argument' failed: TypeError: ArgOptions.add_argument() got an unexpected keyword argument '--window-size'</msg>
<arg>${options}</arg>
<arg>add_argument</arg>
<arg>--window-size=1920,1080</arg>
<doc>Calls the named method of the given object with the provided arguments.</doc>
<status status="FAIL" start="2026-03-26T13:55:45.795967" elapsed="0.000420">Calling method 'add_argument' failed: TypeError: ArgOptions.add_argument() got an unexpected keyword argument '--window-size'</status>
</kw>
<kw name="Open Browser" owner="SeleniumLibrary">
<arg>${URL}</arg>
<arg>${BROWSER}</arg>
<arg>options=${options}</arg>
<doc>Opens a new browser instance to the optional ``url``.</doc>
<status status="NOT RUN" start="2026-03-26T13:55:45.796579" elapsed="0.000039"/>
</kw>
<doc>Abre o navegador na URL com opções otimizadas para CI/CD.</doc>
<status status="FAIL" start="2026-03-26T13:55:45.793731" elapsed="0.002993">Calling method 'add_argument' failed: TypeError: ArgOptions.add_argument() got an unexpected keyword argument '--window-size'</status>
</kw>
<kw name="Fechar Sessao" owner="globalKeywords" type="TEARDOWN">
<kw name="Capture Page Screenshot" owner="SeleniumLibrary">
<msg time="2026-03-26T13:55:45.797372" level="INFO">Cannot capture screenshot because no browser is open.</msg>
<doc>Takes a screenshot of the current page and embeds it into a log file.</doc>
<status status="PASS" start="2026-03-26T13:55:45.797265" elapsed="0.000164"/>
</kw>
<kw name="Close Browser" owner="SeleniumLibrary">
<doc>Closes the current browser.</doc>
<status status="PASS" start="2026-03-26T13:55:45.797574" elapsed="0.000115"/>
</kw>
<doc>Tira uma evidência e fecha o navegador ao final do teste.</doc>
<status status="PASS" start="2026-03-26T13:55:45.796974" elapsed="0.000785"/>
</kw>
<tag>CT-02</tag>
<tag>guilherme.evangelista</tag>
<tag>qa.front</tag>
<status status="FAIL" start="2026-03-26T13:55:45.793156" elapsed="0.004657">Setup failed:
Calling method 'add_argument' failed: TypeError: ArgOptions.add_argument() got an unexpected keyword argument '--window-size'</status>
</test>
<status status="FAIL" start="2026-03-26T13:55:45.357148" elapsed="0.441263"/>
</suite>
<status status="FAIL" start="2026-03-26T13:55:45.327361" elapsed="0.471825"/>
</suite>
<statistics>
<total>
<stat pass="0" fail="3" skip="0">All Tests</stat>
</total>
<tag>
<stat pass="0" fail="1" skip="0">CT-00</stat>
<stat pass="0" fail="1" skip="0">CT-01</stat>
<stat pass="0" fail="1" skip="0">CT-02</stat>
<stat pass="0" fail="3" skip="0">guilherme.evangelista</stat>
<stat pass="0" fail="3" skip="0">qa.front</stat>
</tag>
<suite>
<stat name="Features" id="s1" pass="0" fail="3" skip="0">Features</stat>
<stat name="elementosBasicos" id="s1-s1" pass="0" fail="3" skip="0">Features.elementosBasicos</stat>
</suite>
</statistics>
<errors>
</errors>
</robot>
